2025-04-08 19:05:06 [INFO]: Login attempt for email: m44156529@gmail.com
2025-04-08 19:05:06 [INFO]: Creating session for user ID: 67ed2f5875e66025c1d36f34
2025-04-08 19:05:06 [INFO]: Signing tokens for user ID: 67ed2f5875e66025c1d36f34
2025-04-08 19:05:06 [INFO]: Login successful for user ID: 67ed2f5875e66025c1d36f34 with sessionId of 67f502e2701397de19cb9799
2025-04-08 19:21:45 [INFO]: Login attempt for email: m44156529@gmail.com
2025-04-08 19:21:45 [INFO]: Creating session for user ID: 67ed2f5875e66025c1d36f34
2025-04-08 19:21:45 [INFO]: Signing tokens for user ID: 67ed2f5875e66025c1d36f34
2025-04-08 19:21:45 [INFO]: Login successful for user ID: 67ed2f5875e66025c1d36f34 with sessionId of 67f506c9324344a2840a8bb1
2025-04-08 19:37:49 [INFO]: Login attempt for email: m44156529@gmail.com
2025-04-08 19:37:49 [INFO]: Creating session for user ID: 67ed2f5875e66025c1d36f34
2025-04-08 19:37:49 [INFO]: Signing tokens for user ID: 67ed2f5875e66025c1d36f34
2025-04-08 19:37:49 [INFO]: Login successful for user ID: 67ed2f5875e66025c1d36f34 with sessionId of 67f50a8d4d04b778e0f1c403
2025-04-08 19:57:48 [INFO]: Login attempt for email: m44156529@gmail.com
2025-04-08 19:57:48 [INFO]: Creating session for user ID: 67ed2f5875e66025c1d36f34
2025-04-08 19:57:48 [INFO]: Signing tokens for user ID: 67ed2f5875e66025c1d36f34
2025-04-08 19:57:48 [INFO]: Login successful for user ID: 67ed2f5875e66025c1d36f34 with sessionId of 67f50f3c4d04b778e0f1c455
2025-04-08 20:25:43 [INFO]: Login attempt for email: m44156529@gmail.com
2025-04-08 20:25:43 [INFO]: Creating session for user ID: 67ed2f5875e66025c1d36f34
2025-04-08 20:25:43 [INFO]: Signing tokens for user ID: 67ed2f5875e66025c1d36f34
2025-04-08 20:25:43 [INFO]: Login successful for user ID: 67ed2f5875e66025c1d36f34 with sessionId of 67f515c74d04b778e0f1c495
2025-04-08 20:46:38 [INFO]: Login attempt for email: m44156529@gmail.com
2025-04-08 20:46:38 [INFO]: Creating session for user ID: 67ed2f5875e66025c1d36f34
2025-04-08 20:46:38 [INFO]: Signing tokens for user ID: 67ed2f5875e66025c1d36f34
2025-04-08 20:46:38 [INFO]: Login successful for user ID: 67ed2f5875e66025c1d36f34 with sessionId of 67f51aae4d04b778e0f1c4c1
2025-04-08 21:42:55 [INFO]: Login attempt for email: m44156529@gmail.com
2025-04-08 21:42:55 [WARN]: Login failed: Invalid password for email: m44156529@gmail.com
2025-04-08 21:43:01 [INFO]: Login attempt for email: m44156529@gmail.com
2025-04-08 21:43:01 [INFO]: Creating session for user ID: 67ed2f5875e66025c1d36f34
2025-04-08 21:43:01 [INFO]: Signing tokens for user ID: 67ed2f5875e66025c1d36f34
2025-04-08 21:43:01 [INFO]: Login successful for user ID: 67ed2f5875e66025c1d36f34 with sessionId of 67f527e56b546b9c60ff8cda
2025-04-08 21:43:08 [INFO]: Login attempt for email: m44156529@gmail.com
2025-04-08 21:43:08 [INFO]: Creating session for user ID: 67ed2f5875e66025c1d36f34
2025-04-08 21:43:09 [INFO]: Signing tokens for user ID: 67ed2f5875e66025c1d36f34
2025-04-08 21:43:09 [INFO]: Login successful for user ID: 67ed2f5875e66025c1d36f34 with sessionId of 67f527ec6b546b9c60ff8cde
2025-04-08 22:05:51 [INFO]: Login attempt for email: m44156529@gmail.com
2025-04-08 22:05:51 [INFO]: Creating session for user ID: 67ed2f5875e66025c1d36f34
2025-04-08 22:05:51 [INFO]: Signing tokens for user ID: 67ed2f5875e66025c1d36f34
2025-04-08 22:05:51 [INFO]: Login successful for user ID: 67ed2f5875e66025c1d36f34 with sessionId of 67f52d3f6b546b9c60ff8d1e
2025-04-08 22:25:14 [INFO]: Login attempt for email: m44156529@gmail.com
2025-04-08 22:25:15 [INFO]: Creating session for user ID: 67ed2f5875e66025c1d36f34
2025-04-08 22:25:15 [INFO]: Signing tokens for user ID: 67ed2f5875e66025c1d36f34
2025-04-08 22:25:15 [INFO]: Login successful for user ID: 67ed2f5875e66025c1d36f34 with sessionId of 67f531cb6b546b9c60ff8d96
2025-04-08 22:25:58 [INFO]: Login attempt for email: m44156529@gmail.com
2025-04-08 22:25:58 [INFO]: Creating session for user ID: 67ed2f5875e66025c1d36f34
2025-04-08 22:25:58 [INFO]: Signing tokens for user ID: 67ed2f5875e66025c1d36f34
2025-04-08 22:25:58 [INFO]: Login successful for user ID: 67ed2f5875e66025c1d36f34 with sessionId of 67f531f66b546b9c60ff8da8
2025-04-08 22:36:12 [INFO]: Login attempt for email: m44156529@gmail.com
2025-04-08 22:36:12 [INFO]: Creating session for user ID: 67ed2f5875e66025c1d36f34
2025-04-08 22:36:12 [INFO]: Signing tokens for user ID: 67ed2f5875e66025c1d36f34
2025-04-08 22:36:12 [INFO]: Login successful for user ID: 67ed2f5875e66025c1d36f34 with sessionId of 67f5345c6b546b9c60ff8dd8
