2025-04-09 19:34:28 [INFO]: Login attempt for email: m44156529@gmail.com
2025-04-09 19:34:28 [INFO]: Creating session for user ID: 67ed2f5875e66025c1d36f34
2025-04-09 19:34:28 [INFO]: Signing tokens for user ID: 67ed2f5875e66025c1d36f34
2025-04-09 19:34:28 [INFO]: Login successful for user ID: 67ed2f5875e66025c1d36f34 with sessionId of 67f65b448d15f3f2bf468ec0
2025-04-09 19:35:55 [INFO]: Login attempt for email: m44156529@gmail.com
2025-04-09 19:35:55 [INFO]: Creating session for user ID: 67ed2f5875e66025c1d36f34
2025-04-09 19:35:55 [INFO]: Signing tokens for user ID: 67ed2f5875e66025c1d36f34
2025-04-09 19:35:55 [INFO]: Login successful for user ID: 67ed2f5875e66025c1d36f34 with sessionId of 67f65b9b8d15f3f2bf468ec7
2025-04-09 19:36:08 [INFO]: Login attempt for email: m44156529@gmail.com
2025-04-09 19:36:08 [INFO]: Creating session for user ID: 67ed2f5875e66025c1d36f34
2025-04-09 19:36:08 [INFO]: Signing tokens for user ID: 67ed2f5875e66025c1d36f34
2025-04-09 19:36:08 [INFO]: Login successful for user ID: 67ed2f5875e66025c1d36f34 with sessionId of 67f65ba88d15f3f2bf468ece
2025-04-09 19:36:25 [INFO]: Login attempt for email: m44156529@gmail.com
2025-04-09 19:36:25 [INFO]: Creating session for user ID: 67ed2f5875e66025c1d36f34
2025-04-09 19:36:25 [INFO]: Signing tokens for user ID: 67ed2f5875e66025c1d36f34
2025-04-09 19:36:25 [INFO]: Login successful for user ID: 67ed2f5875e66025c1d36f34 with sessionId of 67f65bb98d15f3f2bf468ed5
2025-04-09 19:37:14 [INFO]: Login attempt for email: m44156529@gmail.com
2025-04-09 19:37:14 [INFO]: Creating session for user ID: 67ed2f5875e66025c1d36f34
2025-04-09 19:37:15 [INFO]: Signing tokens for user ID: 67ed2f5875e66025c1d36f34
2025-04-09 19:37:15 [INFO]: Login successful for user ID: 67ed2f5875e66025c1d36f34 with sessionId of 67f65bea623a1856b5c705ed
2025-04-09 20:55:39 [INFO]: Login attempt for email: m44156529@gmail.com
2025-04-09 20:55:39 [INFO]: Creating session for user ID: 67ed2f5875e66025c1d36f34
2025-04-09 20:55:39 [INFO]: Signing tokens for user ID: 67ed2f5875e66025c1d36f34
2025-04-09 20:55:39 [INFO]: Login successful for user ID: 67ed2f5875e66025c1d36f34 with sessionId of 67f66e4b60134f80961f0f47
2025-04-09 20:56:23 [INFO]: Login attempt for email: m44156529@gmail.com
2025-04-09 20:56:23 [INFO]: Creating session for user ID: 67ed2f5875e66025c1d36f34
2025-04-09 20:56:23 [INFO]: Signing tokens for user ID: 67ed2f5875e66025c1d36f34
2025-04-09 20:56:23 [INFO]: Login successful for user ID: 67ed2f5875e66025c1d36f34 with sessionId of 67f66e7760134f80961f0f52
2025-04-09 21:16:52 [INFO]: Login attempt for email: m44156529@gmail.com
2025-04-09 21:16:52 [INFO]: Creating session for user ID: 67ed2f5875e66025c1d36f34
2025-04-09 21:16:53 [INFO]: Signing tokens for user ID: 67ed2f5875e66025c1d36f34
2025-04-09 21:16:53 [INFO]: Login successful for user ID: 67ed2f5875e66025c1d36f34 with sessionId of 67f67344951dbaa3974ab908
2025-04-09 21:26:46 [INFO]: Login attempt for email: m44156529@gmail.com
2025-04-09 21:26:46 [INFO]: Creating session for user ID: 67ed2f5875e66025c1d36f34
2025-04-09 21:26:46 [INFO]: Signing tokens for user ID: 67ed2f5875e66025c1d36f34
2025-04-09 21:26:46 [INFO]: Login successful for user ID: 67ed2f5875e66025c1d36f34 with sessionId of 67f67596f9616b87547c0226
2025-04-09 21:29:05 [INFO]: Login attempt for email: m44156529@gmail.com
2025-04-09 21:29:05 [INFO]: Creating session for user ID: 67ed2f5875e66025c1d36f34
2025-04-09 21:29:05 [INFO]: Signing tokens for user ID: 67ed2f5875e66025c1d36f34
2025-04-09 21:29:05 [INFO]: Login successful for user ID: 67ed2f5875e66025c1d36f34 with sessionId of 67f67621f9616b87547c0269
2025-04-09 21:38:29 [INFO]: Login attempt for email: m44156529@gmail.com
2025-04-09 21:38:30 [INFO]: Creating session for user ID: 67ed2f5875e66025c1d36f34
2025-04-09 21:38:30 [INFO]: Signing tokens for user ID: 67ed2f5875e66025c1d36f34
2025-04-09 21:38:30 [INFO]: Login successful for user ID: 67ed2f5875e66025c1d36f34 with sessionId of 67f67856f9616b87547c02b8
2025-04-09 21:38:55 [INFO]: Login attempt for email: m44156529@gmail.com
2025-04-09 21:38:55 [INFO]: Creating session for user ID: 67ed2f5875e66025c1d36f34
2025-04-09 21:38:55 [INFO]: Signing tokens for user ID: 67ed2f5875e66025c1d36f34
2025-04-09 21:38:55 [INFO]: Login successful for user ID: 67ed2f5875e66025c1d36f34 with sessionId of 67f6786ff9616b87547c02c6
2025-04-09 23:07:26 [INFO]: Login attempt for email: m44156529@gmail.com
2025-04-09 23:07:26 [INFO]: Creating session for user ID: 67ed2f5875e66025c1d36f34
2025-04-09 23:07:26 [INFO]: Signing tokens for user ID: 67ed2f5875e66025c1d36f34
2025-04-09 23:07:26 [INFO]: Login successful for user ID: 67ed2f5875e66025c1d36f34 with sessionId of 67f68d2eec0e8e73d2a932d3
2025-04-09 23:09:05 [INFO]: Login attempt for email: m44156529@gmail.com
2025-04-09 23:09:05 [INFO]: Creating session for user ID: 67ed2f5875e66025c1d36f34
2025-04-09 23:09:05 [INFO]: Signing tokens for user ID: 67ed2f5875e66025c1d36f34
2025-04-09 23:09:05 [INFO]: Login successful for user ID: 67ed2f5875e66025c1d36f34 with sessionId of 67f68d91ec0e8e73d2a932e4
2025-04-09 23:13:31 [INFO]: Login attempt for email: m44156529@gmail.com
2025-04-09 23:13:32 [INFO]: Creating session for user ID: 67ed2f5875e66025c1d36f34
2025-04-09 23:13:32 [INFO]: Signing tokens for user ID: 67ed2f5875e66025c1d36f34
2025-04-09 23:13:32 [INFO]: Login successful for user ID: 67ed2f5875e66025c1d36f34 with sessionId of 67f68e9c3ef5f8f5deedf334
2025-04-09 23:31:19 [INFO]: Login attempt for email: m44156529@gmail.com
2025-04-09 23:31:20 [INFO]: Creating session for user ID: 67ed2f5875e66025c1d36f34
2025-04-09 23:31:20 [INFO]: Signing tokens for user ID: 67ed2f5875e66025c1d36f34
2025-04-09 23:31:20 [INFO]: Login successful for user ID: 67ed2f5875e66025c1d36f34 with sessionId of 67f692c8d2c5fbc20c0f8e70
2025-04-09 23:31:27 [INFO]: Login attempt for email: m44156529@gmail.com
2025-04-09 23:31:28 [INFO]: Creating session for user ID: 67ed2f5875e66025c1d36f34
2025-04-09 23:31:28 [INFO]: Signing tokens for user ID: 67ed2f5875e66025c1d36f34
2025-04-09 23:31:28 [INFO]: Login successful for user ID: 67ed2f5875e66025c1d36f34 with sessionId of 67f692d0d2c5fbc20c0f8e74
2025-04-09 23:32:18 [INFO]: Login attempt for email: m44156529@gmail.com
2025-04-09 23:32:18 [INFO]: Creating session for user ID: 67ed2f5875e66025c1d36f34
2025-04-09 23:32:18 [INFO]: Signing tokens for user ID: 67ed2f5875e66025c1d36f34
2025-04-09 23:32:18 [INFO]: Login successful for user ID: 67ed2f5875e66025c1d36f34 with sessionId of 67f69302d2c5fbc20c0f8e80
2025-04-09 23:35:01 [INFO]: Login attempt for email: m44156529@gmail.com
2025-04-09 23:35:02 [INFO]: Creating session for user ID: 67ed2f5875e66025c1d36f34
2025-04-09 23:35:02 [INFO]: Signing tokens for user ID: 67ed2f5875e66025c1d36f34
2025-04-09 23:35:02 [INFO]: Login successful for user ID: 67ed2f5875e66025c1d36f34 with sessionId of 67f693a6a1117c2069b0bd69
2025-04-09 23:35:59 [INFO]: Login attempt for email: m44156529@gmail.com
2025-04-09 23:35:59 [INFO]: 2FA required for user ID: 67ed2f5875e66025c1d36f34
2025-04-09 23:36:41 [INFO]: Login attempt for email: m44156529@gmail.com
2025-04-09 23:36:41 [INFO]: 2FA required for user ID: 67ed2f5875e66025c1d36f34
2025-04-09 23:37:30 [INFO]: Login attempt for email: m44156529@gmail.com
2025-04-09 23:37:30 [INFO]: Creating session for user ID: 67ed2f5875e66025c1d36f34
2025-04-09 23:37:30 [INFO]: Signing tokens for user ID: 67ed2f5875e66025c1d36f34
2025-04-09 23:37:30 [INFO]: Login successful for user ID: 67ed2f5875e66025c1d36f34 with sessionId of 67f6943aa1117c2069b0bdb6
2025-04-09 23:39:05 [INFO]: Login attempt for email: m44156529@gmail.com
2025-04-09 23:39:06 [INFO]: Creating session for user ID: 67ed2f5875e66025c1d36f34
2025-04-09 23:39:06 [INFO]: Signing tokens for user ID: 67ed2f5875e66025c1d36f34
2025-04-09 23:39:06 [INFO]: Login successful for user ID: 67ed2f5875e66025c1d36f34 with sessionId of 67f6949aa1117c2069b0bdc8
2025-04-09 23:39:55 [INFO]: Login attempt for email: m44156529@gmail.com
2025-04-09 23:39:55 [INFO]: Creating session for user ID: 67ed2f5875e66025c1d36f34
2025-04-09 23:39:55 [INFO]: Signing tokens for user ID: 67ed2f5875e66025c1d36f34
2025-04-09 23:39:55 [INFO]: Login successful for user ID: 67ed2f5875e66025c1d36f34 with sessionId of 67f694cba1117c2069b0bdcc
2025-04-09 23:40:33 [INFO]: Login attempt for email: m44156529@gmail.com
2025-04-09 23:40:33 [INFO]: Creating session for user ID: 67ed2f5875e66025c1d36f34
2025-04-09 23:40:33 [INFO]: Signing tokens for user ID: 67ed2f5875e66025c1d36f34
2025-04-09 23:40:33 [INFO]: Login successful for user ID: 67ed2f5875e66025c1d36f34 with sessionId of 67f694f1a1117c2069b0bdef
