2025-04-01 10:22:18 [INFO]: Login attempt for email: m44156529@gmail.com
2025-04-01 10:22:18 [INFO]: Creating session for user ID: 67e9234cb8a8cd3297e6278f
2025-04-01 10:22:18 [INFO]: Signing tokens for user ID: 67e9234cb8a8cd3297e6278f
2025-04-01 10:22:18 [INFO]: Login successful for user ID: 67e9234cb8a8cd3297e6278f with sessionId of 67eb4ddace1d39d17330228a
2025-04-01 10:23:20 [INFO]: Login attempt for email: m44156529@gmail.com
2025-04-01 10:23:20 [INFO]: Creating session for user ID: 67e9234cb8a8cd3297e6278f
2025-04-01 10:23:20 [INFO]: Signing tokens for user ID: 67e9234cb8a8cd3297e6278f
2025-04-01 10:23:20 [INFO]: Login successful for user ID: 67e9234cb8a8cd3297e6278f with sessionId of 67eb4e18ce1d39d17330228e
2025-04-01 10:27:47 [INFO]: Login attempt for email: m44156529@gmail.com
2025-04-01 10:27:47 [INFO]: Creating session for user ID: 67e9234cb8a8cd3297e6278f
2025-04-01 10:27:47 [INFO]: Signing tokens for user ID: 67e9234cb8a8cd3297e6278f
2025-04-01 10:27:48 [INFO]: Login successful for user ID: 67e9234cb8a8cd3297e6278f with sessionId of 67eb4f23ce1d39d173302292
2025-04-01 10:32:59 [INFO]: Login attempt for email: notoriorojan06@gmail.com
2025-04-01 10:32:59 [INFO]: Creating session for user ID: 67eb504cce1d39d173302296
2025-04-01 10:32:59 [INFO]: Signing tokens for user ID: 67eb504cce1d39d173302296
2025-04-01 10:32:59 [INFO]: Login successful for user ID: 67eb504cce1d39d173302296 with sessionId of 67eb505bce1d39d17330229c
2025-04-01 10:34:41 [INFO]: Login attempt for email: m44156529@gmail.com
2025-04-01 10:34:41 [INFO]: Creating session for user ID: 67e9234cb8a8cd3297e6278f
2025-04-01 10:34:41 [INFO]: Signing tokens for user ID: 67e9234cb8a8cd3297e6278f
2025-04-01 10:34:41 [INFO]: Login successful for user ID: 67e9234cb8a8cd3297e6278f with sessionId of 67eb50c1ce1d39d1733022a0
2025-04-01 10:35:51 [INFO]: Login attempt for email: m44156529@gmail.com
2025-04-01 10:35:51 [INFO]: Creating session for user ID: 67e9234cb8a8cd3297e6278f
2025-04-01 10:35:51 [INFO]: Signing tokens for user ID: 67e9234cb8a8cd3297e6278f
2025-04-01 10:35:51 [INFO]: Login successful for user ID: 67e9234cb8a8cd3297e6278f with sessionId of 67eb5107ce1d39d1733022a4
2025-04-01 19:42:32 [INFO]: Login attempt for email: m44156529@gmail.com
2025-04-01 19:42:32 [INFO]: Creating session for user ID: 67e9234cb8a8cd3297e6278f
2025-04-01 19:42:32 [INFO]: Signing tokens for user ID: 67e9234cb8a8cd3297e6278f
2025-04-01 19:42:32 [INFO]: Login successful for user ID: 67e9234cb8a8cd3297e6278f with sessionId of 67ebd1289344f260f87bc1e2
2025-04-01 19:57:12 [INFO]: Login attempt for email: m44156529@gmail.com
2025-04-01 19:57:13 [INFO]: Creating session for user ID: 67e9234cb8a8cd3297e6278f
2025-04-01 19:57:13 [INFO]: Signing tokens for user ID: 67e9234cb8a8cd3297e6278f
2025-04-01 19:57:13 [INFO]: Login successful for user ID: 67e9234cb8a8cd3297e6278f with sessionId of 67ebd4999344f260f87bc1f0
