2025-04-06 19:18:19 [INFO]: Login attempt for email: m44156529@gmail.com
2025-04-06 19:18:36 [INFO]: Login attempt for email: m44156529@gmail.com
2025-04-06 19:18:38 [INFO]: Creating session for user ID: 67ed2f5875e66025c1d36f34
2025-04-06 19:18:38 [INFO]: Signing tokens for user ID: 67ed2f5875e66025c1d36f34
2025-04-06 19:18:38 [INFO]: Login successful for user ID: 67ed2f5875e66025c1d36f34 with sessionId of 67f2630e8c010697a09fa2db
2025-04-06 19:34:02 [INFO]: Login attempt for email: m44156529@gmail.com
2025-04-06 19:34:02 [INFO]: 2FA required for user ID: 67ed2f5875e66025c1d36f34
2025-04-06 19:51:37 [INFO]: Login attempt for email: m44156529@gmail.com
2025-04-06 19:51:37 [INFO]: Creating session for user ID: 67ed2f5875e66025c1d36f34
2025-04-06 19:51:37 [INFO]: Signing tokens for user ID: 67ed2f5875e66025c1d36f34
2025-04-06 19:51:37 [INFO]: Login successful for user ID: 67ed2f5875e66025c1d36f34 with sessionId of 67f26ac98c010697a09fa35c
2025-04-06 21:29:51 [INFO]: Login attempt for email: m44156529@gmail.com
2025-04-06 21:29:51 [INFO]: Creating session for user ID: 67ed2f5875e66025c1d36f34
2025-04-06 21:29:51 [INFO]: Signing tokens for user ID: 67ed2f5875e66025c1d36f34
2025-04-06 21:29:51 [INFO]: Login successful for user ID: 67ed2f5875e66025c1d36f34 with sessionId of 67f281cf8c010697a09fa384
2025-04-06 21:47:00 [INFO]: Login attempt for email: m44156529@gmail.com
2025-04-06 21:47:00 [INFO]: Creating session for user ID: 67ed2f5875e66025c1d36f34
2025-04-06 21:47:01 [INFO]: Signing tokens for user ID: 67ed2f5875e66025c1d36f34
2025-04-06 21:47:01 [INFO]: Login successful for user ID: 67ed2f5875e66025c1d36f34 with sessionId of 67f285d48c010697a09fa3cb
2025-04-06 22:06:28 [INFO]: Login attempt for email: m44156529@gmail.com
2025-04-06 22:06:28 [INFO]: Creating session for user ID: 67ed2f5875e66025c1d36f34
2025-04-06 22:06:28 [INFO]: Signing tokens for user ID: 67ed2f5875e66025c1d36f34
2025-04-06 22:06:28 [INFO]: Login successful for user ID: 67ed2f5875e66025c1d36f34 with sessionId of 67f28a648c010697a09fa3f7
2025-04-06 22:13:13 [INFO]: Login attempt for email: m44156529@gmail.com
2025-04-06 22:13:13 [INFO]: Creating session for user ID: 67ed2f5875e66025c1d36f34
2025-04-06 22:13:13 [INFO]: Signing tokens for user ID: 67ed2f5875e66025c1d36f34
2025-04-06 22:13:13 [INFO]: Login successful for user ID: 67ed2f5875e66025c1d36f34 with sessionId of 67f28bf98c010697a09fa41e
2025-04-06 22:23:53 [INFO]: Login attempt for email: m44156529@gmail.com
2025-04-06 22:23:53 [INFO]: Creating session for user ID: 67ed2f5875e66025c1d36f34
2025-04-06 22:23:53 [INFO]: Signing tokens for user ID: 67ed2f5875e66025c1d36f34
2025-04-06 22:23:53 [INFO]: Login successful for user ID: 67ed2f5875e66025c1d36f34 with sessionId of 67f28e794d2ff616ff7ae4a4
2025-04-06 22:32:04 [INFO]: Login attempt for email: m44156529@gmail.com
2025-04-06 22:32:04 [INFO]: Creating session for user ID: 67ed2f5875e66025c1d36f34
2025-04-06 22:32:04 [INFO]: Signing tokens for user ID: 67ed2f5875e66025c1d36f34
2025-04-06 22:32:04 [INFO]: Login successful for user ID: 67ed2f5875e66025c1d36f34 with sessionId of 67f290644d2ff616ff7ae4bc
2025-04-06 22:32:30 [INFO]: Login attempt for email: m44156529@gmail.com
2025-04-06 22:32:31 [INFO]: Creating session for user ID: 67ed2f5875e66025c1d36f34
2025-04-06 22:32:31 [INFO]: Signing tokens for user ID: 67ed2f5875e66025c1d36f34
2025-04-06 22:32:31 [INFO]: Login successful for user ID: 67ed2f5875e66025c1d36f34 with sessionId of 67f2907f4d2ff616ff7ae4c0
2025-04-06 22:32:43 [INFO]: Login attempt for email: m44156529@gmail.com
2025-04-06 22:32:43 [INFO]: Creating session for user ID: 67ed2f5875e66025c1d36f34
2025-04-06 22:32:43 [INFO]: Signing tokens for user ID: 67ed2f5875e66025c1d36f34
2025-04-06 22:32:43 [INFO]: Login successful for user ID: 67ed2f5875e66025c1d36f34 with sessionId of 67f2908b4d2ff616ff7ae4c4
2025-04-06 22:34:28 [INFO]: Login attempt for email: m44156529@gmail.com
2025-04-06 22:34:28 [INFO]: Creating session for user ID: 67ed2f5875e66025c1d36f34
2025-04-06 22:34:28 [INFO]: Signing tokens for user ID: 67ed2f5875e66025c1d36f34
2025-04-06 22:34:28 [INFO]: Login successful for user ID: 67ed2f5875e66025c1d36f34 with sessionId of 67f290f4c9eb60e3311f8778
2025-04-06 22:39:21 [INFO]: Login attempt for email: m44156529@gmail.com
2025-04-06 22:39:21 [INFO]: Creating session for user ID: 67ed2f5875e66025c1d36f34
2025-04-06 22:39:21 [INFO]: Signing tokens for user ID: 67ed2f5875e66025c1d36f34
2025-04-06 22:39:21 [INFO]: Login successful for user ID: 67ed2f5875e66025c1d36f34 with sessionId of 67f29219c9eb60e3311f87eb
2025-04-06 22:50:08 [INFO]: Login attempt for email: m44156529@gmail.com
2025-04-06 22:50:08 [INFO]: Creating session for user ID: 67ed2f5875e66025c1d36f34
2025-04-06 22:50:08 [INFO]: Signing tokens for user ID: 67ed2f5875e66025c1d36f34
2025-04-06 22:50:08 [INFO]: Login successful for user ID: 67ed2f5875e66025c1d36f34 with sessionId of 67f294a0c9eb60e3311f881d
2025-04-06 22:55:20 [INFO]: Login attempt for email: m44156529@gmail.com
2025-04-06 22:55:20 [INFO]: Creating session for user ID: 67ed2f5875e66025c1d36f34
2025-04-06 22:55:20 [INFO]: Signing tokens for user ID: 67ed2f5875e66025c1d36f34
2025-04-06 22:55:20 [INFO]: Login successful for user ID: 67ed2f5875e66025c1d36f34 with sessionId of 67f295d8c9eb60e3311f8845
2025-04-06 23:05:41 [INFO]: Login attempt for email: m44156529@gmail.com
2025-04-06 23:05:41 [INFO]: Creating session for user ID: 67ed2f5875e66025c1d36f34
2025-04-06 23:05:42 [INFO]: Signing tokens for user ID: 67ed2f5875e66025c1d36f34
2025-04-06 23:05:42 [INFO]: Login successful for user ID: 67ed2f5875e66025c1d36f34 with sessionId of 67f29845847d8727f47f01a2
