2025-03-31 18:38:46 [INFO]: Login attempt for email: m44156529@gmail.com
2025-03-31 18:38:47 [INFO]: Creating session for user ID: 67e9234cb8a8cd3297e6278f
2025-03-31 18:38:47 [INFO]: Signing tokens for user ID: 67e9234cb8a8cd3297e6278f
2025-03-31 18:38:47 [INFO]: Login successful for user ID: 67e9234cb8a8cd3297e6278f with sessionId of 67ea70b7d1926cd5ba10aef4
2025-03-31 18:38:58 [INFO]: Login attempt for email: m44156529@gmail.com
2025-03-31 18:38:58 [INFO]: Creating session for user ID: 67e9234cb8a8cd3297e6278f
2025-03-31 18:38:58 [INFO]: Signing tokens for user ID: 67e9234cb8a8cd3297e6278f
2025-03-31 18:38:58 [INFO]: Login successful for user ID: 67e9234cb8a8cd3297e6278f with sessionId of 67ea70c2d1926cd5ba10aef8
2025-03-31 18:42:02 [INFO]: Login attempt for email: m44156529@gmail.com
2025-03-31 18:42:03 [INFO]: Creating session for user ID: 67e9234cb8a8cd3297e6278f
2025-03-31 18:42:03 [INFO]: Signing tokens for user ID: 67e9234cb8a8cd3297e6278f
2025-03-31 18:42:03 [INFO]: Login successful for user ID: 67e9234cb8a8cd3297e6278f with sessionId of 67ea717bd1926cd5ba10aefc
2025-03-31 21:49:48 [INFO]: Login attempt for email: m44156529@gmail.com
2025-03-31 21:49:49 [INFO]: Creating session for user ID: 67e9234cb8a8cd3297e6278f
2025-03-31 21:49:49 [INFO]: Signing tokens for user ID: 67e9234cb8a8cd3297e6278f
2025-03-31 21:49:49 [INFO]: Login successful for user ID: 67e9234cb8a8cd3297e6278f with sessionId of 67ea9d7d3c067ad9cc4b4143
2025-03-31 21:55:48 [INFO]: Login attempt for email: m44156529@gmail.com
2025-03-31 21:55:49 [INFO]: Creating session for user ID: 67e9234cb8a8cd3297e6278f
2025-03-31 21:55:49 [INFO]: Signing tokens for user ID: 67e9234cb8a8cd3297e6278f
2025-03-31 21:55:49 [INFO]: Login successful for user ID: 67e9234cb8a8cd3297e6278f with sessionId of 67ea9ee53c067ad9cc4b4147
2025-03-31 21:59:26 [INFO]: Login attempt for email: m44156529@gmail.com
2025-03-31 21:59:26 [INFO]: Creating session for user ID: 67e9234cb8a8cd3297e6278f
2025-03-31 21:59:26 [INFO]: Signing tokens for user ID: 67e9234cb8a8cd3297e6278f
2025-03-31 21:59:26 [INFO]: Login successful for user ID: 67e9234cb8a8cd3297e6278f with sessionId of 67ea9fbe3c067ad9cc4b414b
2025-03-31 22:00:36 [INFO]: Login attempt for email: m44156529@gmail.com
2025-03-31 22:00:36 [INFO]: Creating session for user ID: 67e9234cb8a8cd3297e6278f
2025-03-31 22:00:36 [INFO]: Signing tokens for user ID: 67e9234cb8a8cd3297e6278f
2025-03-31 22:00:36 [INFO]: Login successful for user ID: 67e9234cb8a8cd3297e6278f with sessionId of 67eaa0043c067ad9cc4b414f
2025-03-31 22:01:19 [INFO]: Login attempt for email: m44156529@gmail.com
2025-03-31 22:01:20 [INFO]: Creating session for user ID: 67e9234cb8a8cd3297e6278f
2025-03-31 22:01:20 [INFO]: Signing tokens for user ID: 67e9234cb8a8cd3297e6278f
2025-03-31 22:01:20 [INFO]: Login successful for user ID: 67e9234cb8a8cd3297e6278f with sessionId of 67eaa0303c067ad9cc4b4153
2025-03-31 22:05:57 [INFO]: Login attempt for email: m44156529@gmail.com
2025-03-31 22:05:57 [INFO]: Creating session for user ID: 67e9234cb8a8cd3297e6278f
2025-03-31 22:05:57 [INFO]: Signing tokens for user ID: 67e9234cb8a8cd3297e6278f
2025-03-31 22:05:57 [INFO]: Login successful for user ID: 67e9234cb8a8cd3297e6278f with sessionId of 67eaa1453c067ad9cc4b4157
2025-03-31 22:06:10 [INFO]: Login attempt for email: m44156529@gmail.com
2025-03-31 22:06:10 [INFO]: Creating session for user ID: 67e9234cb8a8cd3297e6278f
2025-03-31 22:06:10 [INFO]: Signing tokens for user ID: 67e9234cb8a8cd3297e6278f
2025-03-31 22:06:10 [INFO]: Login successful for user ID: 67e9234cb8a8cd3297e6278f with sessionId of 67eaa1523c067ad9cc4b415b
2025-03-31 22:38:06 [INFO]: Login attempt for email: notoriorojan06@gmail.com
2025-03-31 22:38:06 [INFO]: Creating session for user ID: 67eaa8b23c067ad9cc4b4171
2025-03-31 22:38:06 [INFO]: Signing tokens for user ID: 67eaa8b23c067ad9cc4b4171
2025-03-31 22:38:06 [INFO]: Login successful for user ID: 67eaa8b23c067ad9cc4b4171 with sessionId of 67eaa8ce3c067ad9cc4b4177
