2025-03-29 12:10:33 [INFO]: Login attempt for email: m44156529@gmail.com
2025-03-29 12:10:33 [INFO]: 2FA required for user ID: 67d957a4df32183b614d8998
2025-03-29 12:11:36 [INFO]: Login attempt for email: m44156529@gmail.com
2025-03-29 12:11:36 [INFO]: 2FA required for user ID: 67d957a4df32183b614d8998
2025-03-29 13:53:20 [INFO]: Login attempt for email: m44156529@gmail.com
2025-03-29 13:53:20 [INFO]: 2FA required for user ID: 67d957a4df32183b614d8998
2025-03-29 13:53:27 [INFO]: Login attempt for email: m44156529@gmail.com
2025-03-29 13:53:27 [INFO]: 2FA required for user ID: 67d957a4df32183b614d8998
2025-03-29 13:53:34 [INFO]: Login attempt for email: m44156529@gmail.com
2025-03-29 13:53:34 [INFO]: 2FA required for user ID: 67d957a4df32183b614d8998
2025-03-29 13:53:36 [INFO]: Login attempt for email: m44156529@gmail.com
2025-03-29 13:53:36 [INFO]: 2FA required for user ID: 67d957a4df32183b614d8998
2025-03-29 13:54:35 [INFO]: Login attempt for email: m44156529@gmail.com
2025-03-29 13:54:35 [INFO]: 2FA required for user ID: 67d957a4df32183b614d8998
2025-03-29 14:00:49 [INFO]: Login attempt for email: m44156529@gmail.com
2025-03-29 14:00:49 [WARN]: Login failed: User with email m44156529@gmail.com not found
2025-03-29 14:01:57 [INFO]: Login attempt for email: m44156529@gmail.com
2025-03-29 14:01:58 [INFO]: Creating session for user ID: 67e78ccb6f37492a6c288464
2025-03-29 14:01:58 [INFO]: Signing tokens for user ID: 67e78ccb6f37492a6c288464
2025-03-29 14:01:58 [INFO]: Login successful for user ID: 67e78ccb6f37492a6c288464 with sessionId of 67e78cd66f37492a6c28846a
2025-03-29 14:05:48 [INFO]: Login attempt for email: m44156529@gmail.com
2025-03-29 14:05:49 [INFO]: 2FA required for user ID: 67e78ccb6f37492a6c288464
2025-03-29 14:07:00 [INFO]: Login attempt for email: m44156529@gmail.com
2025-03-29 14:07:00 [INFO]: Creating session for user ID: 67e78ccb6f37492a6c288464
2025-03-29 14:07:00 [INFO]: Signing tokens for user ID: 67e78ccb6f37492a6c288464
2025-03-29 14:07:00 [INFO]: Login successful for user ID: 67e78ccb6f37492a6c288464 with sessionId of 67e78e046f37492a6c28848e
2025-03-29 14:10:49 [INFO]: Login attempt for email: m44156529@gmail.com
2025-03-29 14:10:49 [INFO]: 2FA required for user ID: 67e78ccb6f37492a6c288464
2025-03-29 14:11:39 [INFO]: Login attempt for email: m44156529@gmail.com
2025-03-29 14:11:40 [INFO]: 2FA required for user ID: 67e78ccb6f37492a6c288464
2025-03-29 14:13:15 [INFO]: Login attempt for email: m44156529@gmail.com
2025-03-29 14:13:15 [INFO]: 2FA required for user ID: 67e78ccb6f37492a6c288464
2025-03-29 14:14:55 [INFO]: Login attempt for email: m44156529@gmail.com
2025-03-29 14:14:57 [INFO]: 2FA required for user ID: 67e78ccb6f37492a6c288464
2025-03-29 14:17:11 [INFO]: Login attempt for email: m44156529@gmail.com
2025-03-29 14:17:11 [INFO]: 2FA required for user ID: 67e78ccb6f37492a6c288464
2025-03-29 14:19:00 [INFO]: Login attempt for email: m44156529@gmail.com
2025-03-29 14:19:00 [INFO]: 2FA required for user ID: 67e78ccb6f37492a6c288464
2025-03-29 14:22:15 [INFO]: Login attempt for email: m44156529@gmail.com
2025-03-29 14:22:15 [INFO]: 2FA required for user ID: 67e78ccb6f37492a6c288464
2025-03-29 14:24:25 [INFO]: Login attempt for email: m44156529@gmail.com
2025-03-29 14:24:27 [INFO]: Creating session for user ID: 67e78ccb6f37492a6c288464
2025-03-29 14:24:27 [INFO]: Signing tokens for user ID: 67e78ccb6f37492a6c288464
2025-03-29 14:24:27 [INFO]: Login successful for user ID: 67e78ccb6f37492a6c288464 with sessionId of 67e7921bfed2a68d36ad0863
2025-03-29 14:24:27 [INFO]: 2FA required for user ID: 67e78ccb6f37492a6c288464
2025-03-29 14:24:34 [INFO]: Login attempt for email: m44156529@gmail.com
2025-03-29 14:24:34 [INFO]: Creating session for user ID: 67e78ccb6f37492a6c288464
2025-03-29 14:24:34 [INFO]: Signing tokens for user ID: 67e78ccb6f37492a6c288464
2025-03-29 14:24:34 [INFO]: Login successful for user ID: 67e78ccb6f37492a6c288464 with sessionId of 67e79222fed2a68d36ad086b
2025-03-29 14:24:34 [INFO]: 2FA required for user ID: 67e78ccb6f37492a6c288464
2025-03-29 14:25:07 [INFO]: Login attempt for email: m44156529@gmail.com
2025-03-29 14:25:08 [INFO]: Creating session for user ID: 67e78ccb6f37492a6c288464
2025-03-29 14:25:08 [INFO]: Signing tokens for user ID: 67e78ccb6f37492a6c288464
2025-03-29 14:25:08 [INFO]: Login successful for user ID: 67e78ccb6f37492a6c288464 with sessionId of 67e79244abea3916517af1e1
2025-03-29 14:25:08 [INFO]: 2FA required for user ID: 67e78ccb6f37492a6c288464
2025-03-29 14:30:55 [INFO]: Login attempt for email: m44156529@gmail.com
2025-03-29 14:30:55 [INFO]: 2FA required for user ID: 67e78ccb6f37492a6c288464
2025-03-29 14:37:35 [INFO]: Login attempt for email: m44156529@gmail.com
2025-03-29 14:37:35 [INFO]: 2FA required for user ID: 67e78ccb6f37492a6c288464
2025-03-29 14:53:41 [INFO]: Login attempt for email: m44156529@gmail.com
2025-03-29 14:53:43 [INFO]: Creating session for user ID: 67e78ccb6f37492a6c288464
2025-03-29 14:53:43 [INFO]: Signing tokens for user ID: 67e78ccb6f37492a6c288464
2025-03-29 14:53:43 [INFO]: Login successful for user ID: 67e78ccb6f37492a6c288464 with sessionId of 67e798f706240f2f2858481a
2025-03-29 14:54:22 [INFO]: Login attempt for email: m44156529@gmail.com
2025-03-29 14:54:22 [INFO]: Creating session for user ID: 67e78ccb6f37492a6c288464
2025-03-29 14:54:22 [INFO]: Signing tokens for user ID: 67e78ccb6f37492a6c288464
2025-03-29 14:54:22 [INFO]: Login successful for user ID: 67e78ccb6f37492a6c288464 with sessionId of 67e7991e06240f2f2858482d
2025-03-29 14:54:44 [INFO]: Login attempt for email: m44156529@gmail.com
2025-03-29 14:54:44 [INFO]: Creating session for user ID: 67e78ccb6f37492a6c288464
2025-03-29 14:54:44 [INFO]: Signing tokens for user ID: 67e78ccb6f37492a6c288464
2025-03-29 14:54:44 [INFO]: Login successful for user ID: 67e78ccb6f37492a6c288464 with sessionId of 67e7993406240f2f28584835
2025-03-29 14:54:51 [INFO]: Login attempt for email: m44156529@gmail.com
2025-03-29 14:54:52 [INFO]: 2FA required for user ID: 67e78ccb6f37492a6c288464
2025-03-29 14:55:27 [INFO]: Login attempt for email: m44156529@gmail.com
2025-03-29 14:55:28 [INFO]: 2FA required for user ID: 67e78ccb6f37492a6c288464
2025-03-29 14:55:34 [INFO]: Login attempt for email: m44156529@gmail.com
2025-03-29 14:55:34 [INFO]: 2FA required for user ID: 67e78ccb6f37492a6c288464
2025-03-29 15:03:37 [INFO]: Login attempt for email: m44156529@gmail.com
2025-03-29 15:03:37 [INFO]: 2FA required for user ID: 67e78ccb6f37492a6c288464
2025-03-29 15:11:36 [INFO]: Login attempt for email: m44156529@gmail.com
2025-03-29 15:11:36 [INFO]: 2FA required for user ID: 67e78ccb6f37492a6c288464
2025-03-29 15:17:36 [INFO]: Login attempt for email: m44156529@gmail.com
2025-03-29 15:17:36 [INFO]: 2FA required for user ID: 67e78ccb6f37492a6c288464
